91:04:55.155524          Log continuation - Log started 2023-10-04T04:20:44.641157900Z
91:04:55.202656          Finished saving settings file "C:\Users\lowes\.VirtualBox\VirtualBox.xml"
91:04:55.375573 MainPower Host resumed: Resumed 1 VMs
91:04:55.851939          Saving settings file "C:\Users\lowes\.VirtualBox\VirtualBox.xml" with version "1.12-windows"
91:04:55.856821          Finished saving settings file "C:\Users\lowes\.VirtualBox\VirtualBox.xml"
91:04:55.857831          Saving settings file "C:\Users\lowes\.VirtualBox\VirtualBox.xml" with version "1.12-windows"
91:04:55.862126          Finished saving settings file "C:\Users\lowes\.VirtualBox\VirtualBox.xml"
91:04:56.238773          ERROR [COM]: aRC=VBOX_E_INVALID_VM_STATE (0x80bb0002) aIID={300763af-5d6b-46e6-aa96-273eac15538a} aComponent={MachineWrap} aText={The machine is not mutable (state is Running)}, preserve=false aResultDetail=0
91:04:56.376824 USBPROXY usbLibGetDevices: Starting USB device enumeration
91:04:56.394831 USBPROXY usbLibGetDevices: Found 2 USB devices, 0 captured
91:04:57.063973 USBPROXY usbLibGetDevices: Starting USB device enumeration
91:04:57.067528 USBPROXY usbLibGetDevices: Found 2 USB devices, 0 captured
91:04:57.431164 dns-monitor HostDnsMonitor: updating information
91:04:57.431202 dns-monitor HostDnsMonitor: old information
91:04:57.431206 dns-monitor   server 1: 192.168.1.1
91:04:57.431211 dns-monitor   domain: fios-router.home
91:04:57.431215 dns-monitor   no search string entries
91:04:57.431221 dns-monitor HostDnsMonitor: new information
91:04:57.431225 dns-monitor   no server entries
91:04:57.431229 dns-monitor   no domain set
91:04:57.431232 dns-monitor   no search string entries
91:06:42.829052 USBPROXY usbLibGetDevices: Starting USB device enumeration
91:06:42.906942 USBPROXY Getting USB descriptor (id 0) failed (dwErr=31) on hub USB#ROOT_HUB30#4&2185d8af&0&0#{f18a0e88-c30c-11d0-8815-00a0c906bed8} port 7
91:06:42.907020 USBPROXY Getting USB descriptor (id 0) failed (dwErr=31) on hub USB#ROOT_HUB30#4&2185d8af&0&0#{f18a0e88-c30c-11d0-8815-00a0c906bed8} port 10
91:06:42.907164 USBPROXY usbLibGetDevices: Found 2 USB devices, 0 captured
91:06:42.907201 USBPROXY USB: Unknown USB device detected (idVendor: 0x0408, idProduct: 0x5465)
91:18:01.210995 USBPROXY usbLibGetDevices: Starting USB device enumeration
91:18:01.242141 USBPROXY Getting USB descriptor (id 0) failed (dwErr=31) on hub USB#ROOT_HUB30#4&2185d8af&0&0#{f18a0e88-c30c-11d0-8815-00a0c906bed8} port 7
91:18:01.242232 USBPROXY Getting USB descriptor (id 0) failed (dwErr=31) on hub USB#ROOT_HUB30#4&2185d8af&0&0#{f18a0e88-c30c-11d0-8815-00a0c906bed8} port 10
91:18:01.242462 USBPROXY usbLibGetDevices: Found 2 USB devices, 0 captured
91:18:07.252954 dns-monitor HostDnsMonitor: updating information
91:18:07.252978 dns-monitor HostDnsMonitor: unchanged
91:18:11.389694 dns-monitor HostDnsMonitor: updating information
91:18:11.389732 dns-monitor HostDnsMonitor: old information
91:18:11.389737 dns-monitor   no server entries
91:18:11.389741 dns-monitor   no domain set
91:18:11.389744 dns-monitor   no search string entries
91:18:11.389748 dns-monitor HostDnsMonitor: new information
91:18:11.389752 dns-monitor   server 1: 172.20.10.1
91:18:11.389756 dns-monitor   no domain set
91:18:11.389759 dns-monitor   no search string entries
91:18:13.699396 dns-monitor HostDnsMonitor: updating information
91:18:13.699410 dns-monitor HostDnsMonitor: unchanged
91:18:16.655844 dns-monitor HostDnsMonitor: updating information
91:18:16.655864 dns-monitor HostDnsMonitor: unchanged
91:23:57.801195 USBPROXY usbLibGetDevices: Starting USB device enumeration
91:23:57.836185 USBPROXY Getting USB descriptor (id 0) failed (dwErr=31) on hub USB#ROOT_HUB30#4&2185d8af&0&0#{f18a0e88-c30c-11d0-8815-00a0c906bed8} port 7
91:23:57.836280 USBPROXY Getting USB descriptor (id 0) failed (dwErr=31) on hub USB#ROOT_HUB30#4&2185d8af&0&0#{f18a0e88-c30c-11d0-8815-00a0c906bed8} port 10
91:23:57.836525 USBPROXY usbLibGetDevices: Found 2 USB devices, 0 captured
91:40:21.607124 main     WM_QUERYENDSESSION: shutdown (0x00000000)
91:40:21.607233 main     VBoxSvc has active connections: bActivity = false, lock count = 2
91:40:22.292428 USBPROXY usbLibGetDevices: Starting USB device enumeration
91:40:22.325081 USBPROXY Getting USB descriptor (id 0) failed (dwErr=31) on hub USB#ROOT_HUB30#4&2185d8af&0&0#{f18a0e88-c30c-11d0-8815-00a0c906bed8} port 7
91:40:22.325152 USBPROXY Getting USB descriptor (id 0) failed (dwErr=31) on hub USB#ROOT_HUB30#4&2185d8af&0&0#{f18a0e88-c30c-11d0-8815-00a0c906bed8} port 10
91:40:22.325264 USBPROXY usbLibGetDevices: Found 2 USB devices, 0 captured
91:40:23.946296 main     WM_ENDSESSION: critical (TRUE/0x40000000)
